<?xml version="1.0" encoding="UTF-8"?>
<!-- Generated by org.testng.reporters.JUnitReportReporter -->
<testsuite hostname="DESKTOP-OVBIBDV" failures="0" tests="2" name="automation.maven1.MobileTest" time="0.002" errors="0" timestamp="2023-07-26T00:13:02 GMT-07:00" skipped="0">
  <testcase classname="automation.maven1.MobileTest" name="login" time="0.002"/>
  <testcase classname="automation.maven1.MobileTest" name="logout" time="0.000"/>
</testsuite> <!-- automation.maven1.MobileTest -->
